<?xml version="1.0" encoding="UTF-8"?>
<!-- Generated by org.testng.reporters.JUnitXMLReporter -->
<testsuite hostname="Mds-MBP-5" ignored="1" name="Default test" tests="2" failures="0" timestamp="2020-05-16T22:08:18 EDT" time="1.217" errors="0">
  <testcase name="delete1" time="1.165" classname="Personal_Database_LocalHost.Delete_Test"/>
  <testcase name="delete1" time="0.016" classname="Personal_Database_LocalHost.Delete_Test"/>
  <testcase name="delete" time="0.0" classname="Personal_Database_LocalHost.Delete_Test">
    <ignored/>
  </testcase> <!-- delete -->
</testsuite> <!-- Default test -->
