<?xml version="1.0" encoding="UTF-8"?>
<testng-results skipped="0" failed="0" ignored="0" total="1" passed="1">
  <reporter-output>
  </reporter-output>
  <suite name="Default suite" duration-ms="1436" started-at="2020-05-13T17:37:33 EDT" finished-at="2020-05-13T17:37:35 EDT">
    <groups>
    </groups>
    <test name="Default test" duration-ms="1436" started-at="2020-05-13T17:37:33 EDT" finished-at="2020-05-13T17:37:35 EDT">
      <class name="RestAssuredTest.Delete_Test01">
        <test-method status="PASS" signature="Delete01()[pri:0, instance:RestAssuredTest.Delete_Test01@4973813a]" name="Delete01" duration-ms="1408" started-at="2020-05-13T17:37:33 EDT" finished-at="2020-05-13T17:37:35 EDT">
          <reporter-output>
          </reporter-output>
        </test-method> <!-- Delete01 -->
      </class> <!-- RestAssuredTest.Delete_Test01 -->
    </test> <!-- Default test -->
  </suite> <!-- Default suite -->
</testng-results>
